Arguments: 
  /usr/local/bin/node /usr/local/bin/yarn add vue

PATH: 
  /usr/local/bin:/usr/bin:/bin:/usr/sbin:/sbin:/Library/Frameworks/Mono.framework/Versions/Current/Commands

Yarn version: 
  0.21.3

Node version: 
  8.1.2

Platform: 
  darwin x64

npm manifest: 
  {
    "name": "amazeui-vue",
    "version": "0.3.2",
    "author": "zcoding",
    "description": "Amaze UI components built with vue.js",
    "main": "src/main.js",
    "directories": {
      "src": "src",
      "example": "examples",
      "doc": "doc"
    },
    "scripts": {
      "dev": "webpack-dev-server --progress --inline --hot --config scripts/webpack.dev.js --content-base examples-dev/ --port 9999",
      "build": "webpack --progress --config scripts/webpack.build.js"
    },
    "repository": {
      "type": "git",
      "url": "git+https://github.com/zcoding/amazeui-vue.git"
    },
    "keywords": [
      "vue",
      "vue.js",
      "AMUI",
      "Amaze UI",
      "components",
      "mvvm",
      "front-end",
      "stylus",
      "plugin"
    ],
    "license": "MIT",
    "bugs": {
      "url": "https://github.com/zcoding/amazeui-vue/issues"
    },
    "homepage": "https://github.com/zcoding/amazeui-vue#readme",
    "devDependencies": {
      "babel-loader": "^6.2.4",
      "babel-plugin-transform-runtime": "^6.9.0",
      "babel-preset-es2015": "^6.9.0",
      "css-loader": "^0.23.1",
      "vue": "^1.0.24",
      "vue-hot-reload-api": "^1.3.2",
      "vue-html-loader": "^1.2.2",
      "vue-loader": "^8.4.0",
      "vue-router": "^0.7.13",
      "vue-style-loader": "^1.0.0",
      "webpack": "^1.13.1",
      "webpack-dev-server": "^1.14.1"
    },
    "peerDependencies": {},
    "dependencies": {}
  }

yarn manifest: 
  No manifest

Lockfile: 
  No lockfile

Trace: 
  Error: EACCES: permission denied, mkdir '/Users/qingbo/Library/Caches/Yarn/npm-vue-html-loader-1.2.4-54ce489be06065c91dc2a1173122f3e004e0a253'
